2024-05-28 13:27:08.427 - DEBUG    - {"command":"ccd_discover","parameters":{"index":0,"count":1},"id":0} - DeviceManager.lvlib:Main.vi.ACBRProxyCaller.A6D0008B->DeviceManager.lvlib:Main.vi->Communicator.lvclass:SendAndAskForReply.vi - 0 -  |  | 
2024-05-28 13:27:08.627 - DEBUG    - {"command":"ccd_discover","errors":[],"id":0,"results":{"count":1}} - DeviceManager.lvlib:Main.vi.ACBRProxyCaller.A6D0008B->DeviceManager.lvlib:Main.vi->Communicator.lvclass:SendAndAskForReply.vi - 0 -  |  | 
2024-05-28 13:27:54.106 - DEBUG    - {"command":"ccd_open","parameters":{"index":0,"count":1},"id":1} - DeviceManager.lvlib:Main.vi.ACBRProxyCaller.A6D0008B->DeviceManager.lvlib:Main.vi->Communicator.lvclass:SendAndAskForReply.vi - 0 -  |  | 
2024-05-28 13:27:54.306 - DEBUG    - {"command":"ccd_open","errors":[],"id":1,"results":{}} - DeviceManager.lvlib:Main.vi.ACBRProxyCaller.A6D0008B->DeviceManager.lvlib:Main.vi->Communicator.lvclass:SendAndAskForReply.vi - 0 -  |  | 
2024-05-28 13:29:53.855 - DEBUG    - {"command":"ccd_setAcqCount","parameters":{"index":0,"count":1},"id":2} - DeviceManager.lvlib:Main.vi.ACBRProxyCaller.A6D0008B->DeviceManager.lvlib:Main.vi->Communicator.lvclass:SendAndAskForReply.vi - 0 -  |  | 
2024-05-28 13:29:54.055 - DEBUG    - {"command":"ccd_setAcqCount","errors":[],"id":2,"results":{}} - DeviceManager.lvlib:Main.vi.ACBRProxyCaller.A6D0008B->DeviceManager.lvlib:Main.vi->Communicator.lvclass:SendAndAskForReply.vi - 0 -  |  | 
2024-05-28 13:30:25.195 - DEBUG    - {"command":"ccd_setXAxisConversionType","parameters":{"index":0,"type":2},"id":3} - DeviceManager.lvlib:Main.vi.ACBRProxyCaller.A6D0008B->DeviceManager.lvlib:Main.vi->Communicator.lvclass:SendAndAskForReply.vi - 0 -  |  | 
2024-05-28 13:30:25.396 - DEBUG    - {"command":"ccd_setXAxisConversionType","errors":[],"id":3,"results":{}} - DeviceManager.lvlib:Main.vi.ACBRProxyCaller.A6D0008B->DeviceManager.lvlib:Main.vi->Communicator.lvclass:SendAndAskForReply.vi - 0 -  |  | 
2024-05-28 13:30:42.254 - DEBUG    - {"command":"ccd_setXAxisConversionType","parameters":{"index":0,"type":0},"id":4} - DeviceManager.lvlib:Main.vi.ACBRProxyCaller.A6D0008B->DeviceManager.lvlib:Main.vi->Communicator.lvclass:SendAndAskForReply.vi - 0 -  |  | 
2024-05-28 13:30:42.455 - DEBUG    - {"command":"ccd_setXAxisConversionType","errors":[],"id":4,"results":{}} - DeviceManager.lvlib:Main.vi.ACBRProxyCaller.A6D0008B->DeviceManager.lvlib:Main.vi->Communicator.lvclass:SendAndAskForReply.vi - 0 -  |  | 
2024-05-28 13:31:15.931 - DEBUG    - {"command":"ccd_setExposureTime","parameters":{"index":0,"time":1500},"id":5} - DeviceManager.lvlib:Main.vi.ACBRProxyCaller.A6D0008B->DeviceManager.lvlib:Main.vi->Communicator.lvclass:SendAndAskForReply.vi - 0 -  |  | 
2024-05-28 13:31:16.132 - DEBUG    - {"command":"ccd_setExposureTime","errors":[],"id":5,"results":{}} - DeviceManager.lvlib:Main.vi.ACBRProxyCaller.A6D0008B->DeviceManager.lvlib:Main.vi->Communicator.lvclass:SendAndAskForReply.vi - 0 -  |  | 
2024-05-28 13:33:33.991 - DEBUG    - {"command":"ccd_setExposureTime","parameters":{"index":0,"time":500},"id":6} - DeviceManager.lvlib:Main.vi.ACBRProxyCaller.A6D0008B->DeviceManager.lvlib:Main.vi->Communicator.lvclass:SendAndAskForReply.vi - 0 -  |  | 
2024-05-28 13:33:34.192 - DEBUG    - {"command":"ccd_setExposureTime","errors":[],"id":6,"results":{}} - DeviceManager.lvlib:Main.vi.ACBRProxyCaller.A6D0008B->DeviceManager.lvlib:Main.vi->Communicator.lvclass:SendAndAskForReply.vi - 0 -  |  | 
2024-05-28 13:33:37.798 - DEBUG    - {"command":"ccd_setAcqFormat","parameters":{"index":0,"numberOfRois":1,"format":0},"id":7} - DeviceManager.lvlib:Main.vi.ACBRProxyCaller.A6D0008B->DeviceManager.lvlib:Main.vi->Communicator.lvclass:SendAndAskForReply.vi - 0 -  |  | 
2024-05-28 13:33:37.998 - DEBUG    - {"command":"ccd_setAcqFormat","errors":[],"id":7,"results":{}} - DeviceManager.lvlib:Main.vi.ACBRProxyCaller.A6D0008B->DeviceManager.lvlib:Main.vi->Communicator.lvclass:SendAndAskForReply.vi - 0 -  |  | 
2024-05-28 13:34:32.691 - DEBUG    - {"command":"ccd_setRoi","parameters":{"index":0,"roiIndex":1,"xOrigin":1,"yOrigin":1,"xSize":5,"ySize":5,"xBin":1,"yBin":1},"id":8} - DeviceManager.lvlib:Main.vi.ACBRProxyCaller.A6D0008B->DeviceManager.lvlib:Main.vi->Communicator.lvclass:SendAndAskForReply.vi - 0 -  |  | 
2024-05-28 13:34:32.891 - DEBUG    - {"command":"ccd_setRoi","errors":[],"id":8,"results":{}} - DeviceManager.lvlib:Main.vi.ACBRProxyCaller.A6D0008B->DeviceManager.lvlib:Main.vi->Communicator.lvclass:SendAndAskForReply.vi - 0 -  |  | 
2024-05-28 13:34:53.251 - DEBUG    - {"command":"ccd_getAcquisitionReady","parameters":{"index":0},"id":9} - DeviceManager.lvlib:Main.vi.ACBRProxyCaller.A6D0008B->DeviceManager.lvlib:Main.vi->Communicator.lvclass:SendAndAskForReply.vi - 0 -  |  | 
2024-05-28 13:34:53.451 - DEBUG    - {"command":"ccd_getAcquisitionReady","errors":[],"id":9,"results":{"ready":true}} - DeviceManager.lvlib:Main.vi.ACBRProxyCaller.A6D0008B->DeviceManager.lvlib:Main.vi->Communicator.lvclass:SendAndAskForReply.vi - 0 -  |  | 
2024-05-28 13:35:37.689 - DEBUG    - {"command":"ccd_setAcquisitionStart","parameters":{"index":0,"openShutter":true},"id":10} - DeviceManager.lvlib:Main.vi.ACBRProxyCaller.A6D0008B->DeviceManager.lvlib:Main.vi->Communicator.lvclass:SendAndAskForReply.vi - 0 -  |  | 
2024-05-28 13:35:37.891 - DEBUG    - {"command":"ccd_setAcquisitionStart","errors":[],"id":10,"results":{}} - DeviceManager.lvlib:Main.vi.ACBRProxyCaller.A6D0008B->DeviceManager.lvlib:Main.vi->Communicator.lvclass:SendAndAskForReply.vi - 0 -  |  | 
2024-05-28 13:36:23.602 - DEBUG    - {"command":"ccd_getAcquisitionData","parameters":{"index":0},"id":11} - DeviceManager.lvlib:Main.vi.ACBRProxyCaller.A6D0008B->DeviceManager.lvlib:Main.vi->Communicator.lvclass:SendAndAskForReply.vi - 0 -  |  | 
2024-05-28 13:36:23.801 - DEBUG    - {"command":"ccd_getAcquisitionData","errors":[],"id":11,"results":{"acquisition":[{"acqIndex":1,"roi":[{"roiIndex":1,"xBinning":1,"xOrigin":1,"xSize":5,"xyData":[[1,601],[2,600],[3,601],[4,600],[5,602]],"yBinning":1,"yOrigin":1,"ySize":5}]}],"timestamp":"2024.05.28 13:35:38.298"}} - DeviceManager.lvlib:Main.vi.ACBRProxyCaller.A6D0008B->DeviceManager.lvlib:Main.vi->Communicator.lvclass:SendAndAskForReply.vi - 0 -  |  | 
2024-05-28 13:37:17.270 - DEBUG    - {"id":12,"command":"icl_shutdown"} - DeviceManager.lvlib:Main.vi.ACBRProxyCaller.A6D0008B->DeviceManager.lvlib:Main.vi->Communicator.lvclass:SendAndAskForReply.vi - 0 -  |  | 
2024-05-28 13:37:17.276 - DEBUG    - {"command":"icl_shutdown","errors":[],"id":12,"results":{"state":"shutting down"}} - DeviceManager.lvlib:Main.vi.ACBRProxyCaller.A6D0008B->DeviceManager.lvlib:Main.vi->Communicator.lvclass:SendAndAskForReply.vi - 0 -  |  | 
2024-05-28 15:19:47.896 - DEBUG    - {"command":"ccd_setNumberOfAvgs","parameters":{"index":0,"count":1},"id":0} - DeviceManager.lvlib:Main.vi.ACBRProxyCaller.C9C000A5->DeviceManager.lvlib:Main.vi->Communicator.lvclass:SendAndAskForReply.vi - 0 -  |  | 
2024-05-28 15:19:48.096 - DEBUG    - {"command":"ccd_setNumberOfAvgs","errors":["[E];-2;ccd_setNumberOfAvgs;Command handler not found"],"id":0,"results":{}} - DeviceManager.lvlib:Main.vi.ACBRProxyCaller.C9C000A5->DeviceManager.lvlib:Main.vi->Communicator.lvclass:SendAndAskForReply.vi - 0 -  |  | 
2024-05-28 15:21:41.747 - DEBUG    - {"id":1,"command":"icl_shutdown"} - DeviceManager.lvlib:Main.vi.ACBRProxyCaller.C9C000A5->DeviceManager.lvlib:Main.vi->Communicator.lvclass:SendAndAskForReply.vi - 0 -  |  | 
2024-05-28 15:21:43.760 - DEBUG    - {"command":"icl_shutdown","errors":[],"id":1,"results":{"state":"shutting down"}} - DeviceManager.lvlib:Main.vi.ACBRProxyCaller.C9C000A5->DeviceManager.lvlib:Main.vi->Communicator.lvclass:SendAndAskForReply.vi - 0 -  |  | 
