{"command":"ccd_setAcqCount","parameters":{"index":0,"count":1},"id":9} - DeviceManager.lvlib:Main.vi.ACBRProxyCaller.333000A6->DeviceManager.lvlib:Main.vi->Communicator.lvclass:SendAndAskForReply.vi - 0 -  |  | 
{"command":"ccd_setAcqCount","errors":[],"id":9,"results":{}} - DeviceManager.lvlib:Main.vi.ACBRProxyCaller.333000A6->DeviceManager.lvlib:Main.vi->Communicator.lvclass:SendAndAskForReply.vi - 0 -  |  | 
{"command":"ccd_setXAxisConversionType","parameters":{"index":0,"type":2},"id":10} - DeviceManager.lvlib:Main.vi.ACBRProxyCaller.333000A6->DeviceManager.lvlib:Main.vi->Communicator.lvclass:SendAndAskForReply.vi - 0 -  |  | 
{"command":"ccd_setXAxisConversionType","errors":[],"id":10,"results":{}} - DeviceManager.lvlib:Main.vi.ACBRProxyCaller.333000A6->DeviceManager.lvlib:Main.vi->Communicator.lvclass:SendAndAskForReply.vi - 0 -  |  | 
{"command":"ccd_setExposureTime","parameters":{"index":0,"time":10000},"id":11} - DeviceManager.lvlib:Main.vi.ACBRProxyCaller.333000A6->DeviceManager.lvlib:Main.vi->Communicator.lvclass:SendAndAskForReply.vi - 0 -  |  | 
{"command":"ccd_setExposureTime","errors":[],"id":11,"results":{}} - DeviceManager.lvlib:Main.vi.ACBRProxyCaller.333000A6->DeviceManager.lvlib:Main.vi->Communicator.lvclass:SendAndAskForReply.vi - 0 -  |  | 
{"command":"ccd_setAcqFormat","parameters":{"index":0,"numberOfRois":1,"format":0},"id":12} - DeviceManager.lvlib:Main.vi.ACBRProxyCaller.333000A6->DeviceManager.lvlib:Main.vi->Communicator.lvclass:SendAndAskForReply.vi - 0 -  |  | 
{"command":"ccd_setAcqFormat","errors":[],"id":12,"results":{}} - DeviceManager.lvlib:Main.vi.ACBRProxyCaller.333000A6->DeviceManager.lvlib:Main.vi->Communicator.lvclass:SendAndAskForReply.vi - 0 -  |  | 
{"command":"ccd_setRoi","parameters":{"index":0,"roiIndex":1,"xOrigin":1,"yOrigin":1,"xSize":1024,"ySize":256,"xBin":1,"yBin":256},"id":13} - DeviceManager.lvlib:Main.vi.ACBRProxyCaller.333000A6->DeviceManager.lvlib:Main.vi->Communicator.lvclass:SendAndAskForReply.vi - 0 -  |  | 
{"command":"ccd_setRoi","errors":[],"id":13,"results":{}} - DeviceManager.lvlib:Main.vi.ACBRProxyCaller.333000A6->DeviceManager.lvlib:Main.vi->Communicator.lvclass:SendAndAskForReply.vi - 0 -  |  | 
{"command":"ccd_getAcquisitionReady","parameters":{"index":0},"id":14} - DeviceManager.lvlib:Main.vi.ACBRProxyCaller.333000A6->DeviceManager.lvlib:Main.vi->Communicator.lvclass:SendAndAskForReply.vi - 0 -  |  | 
{"command":"ccd_getAcquisitionReady","errors":[],"id":14,"results":{"ready":false}} - DeviceManager.lvlib:Main.vi.ACBRProxyCaller.333000A6->DeviceManager.lvlib:Main.vi->Communicator.lvclass:SendAndAskForReply.vi - 0 -  |  | 
{"command":"ccd_setAcquisitionStart","parameters":{"index":0,"openShutter":true},"id":15} - DeviceManager.lvlib:Main.vi.ACBRProxyCaller.333000A6->DeviceManager.lvlib:Main.vi->Communicator.lvclass:SendAndAskForReply.vi - 0 -  |  | 
{"command":"ccd_setAcquisitionStart","errors":["[E];-316;HJYReadyForAcquisition failed. Error: 4"],"id":15,"results":{}} - DeviceManager.lvlib:Main.vi.ACBRProxyCaller.333000A6->DeviceManager.lvlib:Main.vi->Communicator.lvclass:SendAndAskForReply.vi - 0 -  |  | 
{"command":"ccd_close","parameters":{"index":0},"id":16} - DeviceManager.lvlib:Main.vi.ACBRProxyCaller.333000A6->DeviceManager.lvlib:Main.vi->Communicator.lvclass:SendAndAskForReply.vi - 0 -  |  | 
{"command":"ccd_close","errors":[],"id":16,"results":{}} - DeviceManager.lvlib:Main.vi.ACBRProxyCaller.333000A6->DeviceManager.lvlib:Main.vi->Communicator.lvclass:SendAndAskForReply.vi - 0 -  |  | 
{"command":"ccd_isOpen","parameters":{"index":0},"id":17} - DeviceManager.lvlib:Main.vi.ACBRProxyCaller.333000A6->DeviceManager.lvlib:Main.vi->Communicator.lvclass:SendAndAskForReply.vi - 0 -  |  | 
{"command":"ccd_isOpen","errors":[],"id":17,"results":{"open":false}} - DeviceManager.lvlib:Main.vi.ACBRProxyCaller.333000A6->DeviceManager.lvlib:Main.vi->Communicator.lvclass:SendAndAskForReply.vi - 0 -  |  | 
{"command":"ccd_isOpen","parameters":{"index":0},"id":18} - DeviceManager.lvlib:Main.vi.ACBRProxyCaller.333000A6->DeviceManager.lvlib:Main.vi->Communicator.lvclass:SendAndAskForReply.vi - 0 -  |  | 
{"command":"ccd_isOpen","errors":[],"id":18,"results":{"open":false}} - DeviceManager.lvlib:Main.vi.ACBRProxyCaller.333000A6->DeviceManager.lvlib:Main.vi->Communicator.lvclass:SendAndAskForReply.vi - 0 -  |  | 
{"id":19,"command":"icl_shutdown"} - DeviceManager.lvlib:Main.vi.ACBRProxyCaller.333000A6->DeviceManager.lvlib:Main.vi->Communicator.lvclass:SendAndAskForReply.vi - 0 -  |  | 
