{"command":"ccd_setAcqCount","parameters":{"index":0,"count":1}} - DeviceManager.lvlib:Main.vi.ACBRProxyCaller.31F000A0->DeviceManager.lvlib:Main.vi->Communicator.lvclass:SendAndAskForReply.vi - 0 -  |  | 
{"command":"ccd_setAcqCount","errors":[],"id":3,"results":{}} - DeviceManager.lvlib:Main.vi.ACBRProxyCaller.31F000A0->DeviceManager.lvlib:Main.vi->Communicator.lvclass:SendAndAskForReply.vi - 0 -  |  | 
{"command":"ccd_setXAxisConversionType","parameters":{"index":0,"type":2}} - DeviceManager.lvlib:Main.vi.ACBRProxyCaller.31F000A0->DeviceManager.lvlib:Main.vi->Communicator.lvclass:SendAndAskForReply.vi - 0 -  |  | 
{"command":"ccd_setXAxisConversionType","errors":[],"id":4,"results":{}} - DeviceManager.lvlib:Main.vi.ACBRProxyCaller.31F000A0->DeviceManager.lvlib:Main.vi->Communicator.lvclass:SendAndAskForReply.vi - 0 -  |  | 
{"command":"ccd_setExposureTime","parameters":{"index":0,"time":1500}} - DeviceManager.lvlib:Main.vi.ACBRProxyCaller.31F000A0->DeviceManager.lvlib:Main.vi->Communicator.lvclass:SendAndAskForReply.vi - 0 -  |  | 
{"command":"ccd_setExposureTime","errors":[],"id":5,"results":{}} - DeviceManager.lvlib:Main.vi.ACBRProxyCaller.31F000A0->DeviceManager.lvlib:Main.vi->Communicator.lvclass:SendAndAskForReply.vi - 0 -  |  | 
{"command":"ccd_setAcqFormat","parameters":{"index":0,"numberOfRois":1,"format":0}} - DeviceManager.lvlib:Main.vi.ACBRProxyCaller.31F000A0->DeviceManager.lvlib:Main.vi->Communicator.lvclass:SendAndAskForReply.vi - 0 -  |  | 
{"command":"ccd_setAcqFormat","errors":[],"id":6,"results":{}} - DeviceManager.lvlib:Main.vi.ACBRProxyCaller.31F000A0->DeviceManager.lvlib:Main.vi->Communicator.lvclass:SendAndAskForReply.vi - 0 -  |  | 
{"command":"ccd_setRoi","parameters":{"index":0,"roiIndex":1,"xOrigin":1,"yOrigin":1,"xSize":5,"ySize":5,"xBin":5,"yBin":5}} - DeviceManager.lvlib:Main.vi.ACBRProxyCaller.31F000A0->DeviceManager.lvlib:Main.vi->Communicator.lvclass:SendAndAskForReply.vi - 0 -  |  | 
{"command":"ccd_setRoi","errors":[],"id":7,"results":{}} - DeviceManager.lvlib:Main.vi.ACBRProxyCaller.31F000A0->DeviceManager.lvlib:Main.vi->Communicator.lvclass:SendAndAskForReply.vi - 0 -  |  | 
{"command":"ccd_getAcquisitionReady","parameters":{"index":0}} - DeviceManager.lvlib:Main.vi.ACBRProxyCaller.31F000A0->DeviceManager.lvlib:Main.vi->Communicator.lvclass:SendAndAskForReply.vi - 0 -  |  | 
{"command":"ccd_getAcquisitionReady","errors":[],"id":8,"results":{"ready":true}} - DeviceManager.lvlib:Main.vi.ACBRProxyCaller.31F000A0->DeviceManager.lvlib:Main.vi->Communicator.lvclass:SendAndAskForReply.vi - 0 -  |  | 
{"command":"ccd_setAcquisitionStart","parameters":{"index":0,"openShutter":true}} - DeviceManager.lvlib:Main.vi.ACBRProxyCaller.31F000A0->DeviceManager.lvlib:Main.vi->Communicator.lvclass:SendAndAskForReply.vi - 0 -  |  | 
{"command":"ccd_setAcquisitionStart","errors":[],"id":9,"results":{}} - DeviceManager.lvlib:Main.vi.ACBRProxyCaller.31F000A0->DeviceManager.lvlib:Main.vi->Communicator.lvclass:SendAndAskForReply.vi - 0 -  |  | 
{"command":"ccd_getAcquisitionBusy","parameters":{"index":0}} - DeviceManager.lvlib:Main.vi.ACBRProxyCaller.31F000A0->DeviceManager.lvlib:Main.vi->Communicator.lvclass:SendAndAskForReply.vi - 0 -  |  | 
{"command":"ccd_getAcquisitionBusy","errors":[],"id":10,"results":{"isBusy":false}} - DeviceManager.lvlib:Main.vi.ACBRProxyCaller.31F000A0->DeviceManager.lvlib:Main.vi->Communicator.lvclass:SendAndAskForReply.vi - 0 -  |  | 
{"command":"ccd_getAcquisitionBusy","parameters":{"index":0}} - DeviceManager.lvlib:Main.vi.ACBRProxyCaller.31F000A0->DeviceManager.lvlib:Main.vi->Communicator.lvclass:SendAndAskForReply.vi - 0 -  |  | 
{"command":"ccd_getAcquisitionBusy","errors":[],"id":11,"results":{"isBusy":false}} - DeviceManager.lvlib:Main.vi.ACBRProxyCaller.31F000A0->DeviceManager.lvlib:Main.vi->Communicator.lvclass:SendAndAskForReply.vi - 0 -  |  | 
{"command":"ccd_getAcquisitionData","parameters":{"index":0}} - DeviceManager.lvlib:Main.vi.ACBRProxyCaller.31F000A0->DeviceManager.lvlib:Main.vi->Communicator.lvclass:SendAndAskForReply.vi - 0 -  |  | 
{"command":"ccd_getAcquisitionData","errors":[],"id":12,"results":{"acquisition":[{"acqIndex":1,"roi":[{"roiIndex":1,"xBinning":5,"xOrigin":1,"xSize":5,"xyData":[[854.510009765625,604]],"yBinning":5,"yOrigin":1,"ySize":5}]}],"timestamp":"2024.05.23 17:32:29.468"}} - DeviceManager.lvlib:Main.vi.ACBRProxyCaller.31F000A0->DeviceManager.lvlib:Main.vi->Communicator.lvclass:SendAndAskForReply.vi - 0 -  |  | 
{"command":"ccd_close","parameters":{"index":0}} - DeviceManager.lvlib:Main.vi.ACBRProxyCaller.31F000A0->DeviceManager.lvlib:Main.vi->Communicator.lvclass:SendAndAskForReply.vi - 0 -  |  | 
{"command":"ccd_close","errors":[],"id":13,"results":{}} - DeviceManager.lvlib:Main.vi.ACBRProxyCaller.31F000A0->DeviceManager.lvlib:Main.vi->Communicator.lvclass:SendAndAskForReply.vi - 0 -  |  | 
